2.0331 	WARNING 	We strongly recommend you activate the PTB sound engine in PsychoPy prefs as the preferred audio engine. Its timing is vastly superior. Your prefs are currently set to use ['sounddevice', 'PTB', 'pyo', 'pygame'] (in that order).
6.0621 	WARNING 	User requested fullscreen with size [1024  768], but screen is actually [1920, 1080]. Using actual size
8.0208 	EXP 	Created window1 = Window(allowGUI=True, allowStencil=False, autoLog=True, backendConf=UNKNOWN, bitsMode=UNKNOWN, blendMode='avg', bpc=(8, 8, 8), color=array([0, 0, 0]), colorSpace='rgb', depthBits=8, fullscr=<method-wrapper '__getattribute__' of attributeSetter object at 0x0000017FC71BF1C0>, gamma=None, gammaErrorPolicy='raise', lms=UNKNOWN, monitor=<psychopy.monitors.calibTools.Monitor object at 0x0000017FC8151820>, multiSample=False, name='window1', numSamples=2, pos=(0, 0), screen=0, size=array([1920, 1080]), stencilBits=0, stereo=False, units='height', useFBO=True, useRetina=False, viewOri=0.0, viewPos=None, viewScale=None, waitBlanking=True, winType='pyglet')
8.0210 	EXP 	window1: mouseVisible = True
8.0212 	EXP 	window1: mouseVisible = False
8.0212 	EXP 	window1: Attempting to measure frame rate of screen (0) ...
8.0213 	EXP 	window1: recordFrameIntervals = False
8.1864 	EXP 	window1: recordFrameIntervals = True
8.3702 	EXP 	Screen (0) actual frame rate measured at 59.99Hz
8.3703 	EXP 	window1: recordFrameIntervals = False
10.8068 	EXP 	Created fixation = ShapeStim(__class__=<class 'psychopy.visual.shape.ShapeStim'>, anchor=('center', 'center'), autoDraw=False, autoLog=True, closeShape=True, color=method-wrapper(...), colorSpace='rgb', contrast=None, depth=0.0, fillColor=array([1, 1, 1]), fillColorSpace='rgb', fillRGB=array([1, 1, 1]), interpolate=True, lineColor=array([1, 1, 1]), lineColorSpace='rgb', lineRGB=array([1, 1, 1]), lineWidth=1.0, name='fixation', opacity=1.0, ori=0.0, pos=array([0., 0.]), size=array([0.05, 0.05]), units='height', vertices=ndarray(...), win=Window(...), windingRule=None)
10.8432 	EXP 	Created text = TextStim(__class__=<class 'psychopy.visual.text.TextStim'>, alignHoriz=method-wrapper(...), alignText='center', alignVert=method-wrapper(...), anchorHoriz='center', anchorVert='center', antialias=True, autoDraw=False, autoLog=True, bold=False, color=array([1, 1, 1]), colorSpace='rgb', contrast=1.0, depth=-1.0, flipHoriz=False, flipVert=False, font='Open Sans', fontFiles=[], height=0.05, italic=False, languageStyle='LTR', name='text', opacity=1.0, ori=0.0, pos=array([0., 0.]), rgb=UNKNOWN, text='', units='height', win=Window(...), wrapWidth=1)
10.8522 	EXP 	Imported discounting.xlsx as conditions, 7 conditions, 3 params
10.8529 	EXP 	Created sequence: random, trialTypes=7, nReps=1, seed=None
10.8533 	EXP 	New trial (rep=0, index=0): {'reward_today': 67, 'future_reward': 75, 'delay': 119}
10.9297 	EXP 	text: height = 0.05
10.9297 	EXP 	text: height = 0.05
10.9297 	EXP 	text: height = 0.05
10.9297 	EXP 	text: text = 'GBP 67 today  or GBP 75 after 119 days'
10.9297 	EXP 	fixation: autoDraw = True
11.8527 	EXP 	text: autoDraw = True
11.8554 	DATA 	Keypress: return
11.9362 	EXP 	fixation: autoDraw = False
14.4798 	EXP 	New trial (rep=0, index=1): {'reward_today': 49, 'future_reward': 60, 'delay': 89}
14.4952 	DATA 	Keypress: t
14.4970 	EXP 	fixation: autoDraw = False
14.4970 	EXP 	text: autoDraw = False
14.4970 	EXP 	text: height = 0.05
14.4970 	EXP 	text: height = 0.05
14.4970 	EXP 	text: height = 0.05
14.4970 	EXP 	text: text = 'GBP 49 today  or GBP 60 after 89 days'
14.4970 	EXP 	fixation: autoDraw = True
15.4858 	EXP 	text: autoDraw = True
15.5023 	EXP 	fixation: autoDraw = False
17.5887 	EXP 	New trial (rep=0, index=2): {'reward_today': 40, 'future_reward': 55, 'delay': 62}
17.6024 	DATA 	Keypress: t
17.6042 	EXP 	fixation: autoDraw = False
17.6042 	EXP 	text: autoDraw = False
17.6042 	EXP 	text: height = 0.05
17.6042 	EXP 	text: height = 0.05
17.6042 	EXP 	text: height = 0.05
17.6042 	EXP 	text: text = 'GBP 40 today  or GBP 55 after 62 days'
17.6042 	EXP 	fixation: autoDraw = True
18.6028 	EXP 	text: autoDraw = True
18.6196 	EXP 	fixation: autoDraw = False
20.6231 	DATA 	Keypress: t
20.6380 	EXP 	New trial (rep=0, index=3): {'reward_today': 78, 'future_reward': 80, 'delay': 162}
20.6527 	EXP 	fixation: autoDraw = False
20.6527 	EXP 	text: autoDraw = False
20.6527 	EXP 	text: height = 0.05
20.6527 	EXP 	text: height = 0.05
20.6527 	EXP 	text: height = 0.05
20.6527 	EXP 	text: text = 'GBP 78 today  or GBP 80 after 162 days'
20.6527 	EXP 	fixation: autoDraw = True
21.6525 	EXP 	fixation: autoDraw = False
21.6525 	EXP 	text: autoDraw = True
24.4722 	EXP 	New trial (rep=0, index=4): {'reward_today': 15, 'future_reward': 35, 'delay': 13}
24.4872 	DATA 	Keypress: t
24.4889 	EXP 	fixation: autoDraw = False
24.4889 	EXP 	text: autoDraw = False
24.4889 	EXP 	text: height = 0.05
24.4889 	EXP 	text: height = 0.05
24.4889 	EXP 	text: height = 0.05
24.4889 	EXP 	text: text = 'GBP 15 today  or GBP 35 after 13 days'
24.4889 	EXP 	fixation: autoDraw = True
25.4860 	EXP 	text: autoDraw = True
25.5025 	EXP 	fixation: autoDraw = False
27.1735 	DATA 	Keypress: l
27.1885 	EXP 	New trial (rep=0, index=5): {'reward_today': 27, 'future_reward': 50, 'delay': 21}
27.2025 	EXP 	fixation: autoDraw = False
27.2025 	EXP 	text: autoDraw = False
27.2025 	EXP 	text: height = 0.05
27.2025 	EXP 	text: height = 0.05
27.2025 	EXP 	text: height = 0.05
27.2025 	EXP 	text: text = 'GBP 27 today  or GBP 50 after 21 days'
27.2025 	EXP 	fixation: autoDraw = True
28.2026 	EXP 	fixation: autoDraw = False
28.2026 	EXP 	text: autoDraw = True
29.8051 	EXP 	New trial (rep=0, index=6): {'reward_today': 11, 'future_reward': 30, 'delay': 7}
29.8145 	DATA 	Keypress: l
29.8191 	EXP 	fixation: autoDraw = False
29.8191 	EXP 	text: autoDraw = False
29.8191 	EXP 	text: height = 0.05
29.8191 	EXP 	text: height = 0.05
29.8191 	EXP 	text: height = 0.05
29.8191 	EXP 	text: text = 'GBP 11 today  or GBP 30 after 7 days'
29.8191 	EXP 	fixation: autoDraw = True
30.8193 	EXP 	fixation: autoDraw = False
30.8193 	EXP 	text: autoDraw = True
32.7894 	DATA 	Keypress: l
32.8021 	EXP 	fixation: autoDraw = False
32.8021 	EXP 	text: autoDraw = False
32.9971 	EXP 	window1: mouseVisible = True
